2018-10-11T14:04:41.387Z [right meow!] info: Hello again distributed logs
2018-10-11T14:04:41.389Z [right meow!] error: Some error shit logs
2018-10-11T14:04:41.390Z [right meow!] debug: Some debug shit logs
2018-10-11T14:04:41.390Z [right meow!] verbose: Some verbose shit logs
2018-10-11T14:04:41.390Z [right meow!] silly: Some silly logs
2018-10-11T14:05:40.968Z [right meow!] info: Hello again distributed logs
2018-10-11T14:05:40.968Z [right meow!] error: Some error shit logs
2018-10-11T14:05:40.968Z [right meow!] debug: Some debug shit logs
2018-10-11T14:05:40.969Z [right meow!] verbose: Some verbose shit logs
2018-10-11T14:05:40.969Z [right meow!] silly: Some silly logs
2018-10-11T14:07:28.866Z [Vehcurity] info: Hello again distributed logs
2018-10-11T14:07:28.868Z [Vehcurity] error: Some error shit logs
2018-10-11T14:07:28.868Z [Vehcurity] debug: Some debug shit logs
2018-10-11T14:07:28.868Z [Vehcurity] verbose: Some verbose shit logs
2018-10-11T14:07:28.868Z [Vehcurity] silly: Some silly logs
2018-10-11T14:15:07.623Z [Vehcurity] info: Hello again distributed logs
2018-10-11T14:15:07.627Z [Vehcurity] error: Some error shit logs
2018-10-11T14:15:07.627Z [Vehcurity] debug: Some debug shit logs
2018-10-11T14:15:07.627Z [Vehcurity] verbose: Some verbose shit logs
2018-10-11T14:15:07.627Z [Vehcurity] silly: Some silly logs
2018-10-11T14:21:11.023Z [Vehcurity] info: Hello again distributed logs
2018-10-11T14:21:11.025Z [Vehcurity] error: Some error shit logs
2018-10-11T14:21:11.025Z [Vehcurity] debug: Some debug shit logs
2018-10-11T14:21:11.026Z [Vehcurity] verbose: Some verbose shit logs
2018-10-11T14:21:11.026Z [Vehcurity] silly: Some silly logs
2018-10-11T14:22:11.977Z [Vehcurity] info: Hello again distributed logs
2018-10-11T14:22:11.979Z [Vehcurity] error: Some error shit logs
2018-10-11T14:22:11.979Z [Vehcurity] debug: Some debug shit logs
2018-10-11T14:22:11.979Z [Vehcurity] verbose: Some verbose shit logs
2018-10-11T14:22:11.979Z [Vehcurity] silly: Some silly logs
2018-10-11T14:22:15.673Z [Vehcurity] info: Hello again distributed logs
2018-10-11T14:22:15.673Z [Vehcurity] error: Some error shit logs
2018-10-11T14:22:15.673Z [Vehcurity] debug: Some debug shit logs
2018-10-11T14:22:15.673Z [Vehcurity] verbose: Some verbose shit logs
2018-10-11T14:22:15.673Z [Vehcurity] silly: Some silly logs
2018-10-11T14:28:30.628Z [Vehcurity] info: Hello again distributed logs
2018-10-11T14:28:30.630Z [Vehcurity] error: Some error shit logs
2018-10-11T14:28:30.631Z [Vehcurity] debug: Some debug shit logs
2018-10-11T14:28:30.631Z [Vehcurity] verbose: Some verbose shit logs
2018-10-11T14:28:30.631Z [Vehcurity] silly: Some silly logs
11-10-2018 17:32:43 [Vehcurity] info: Hello again distributed logs
11-10-2018 17:32:43 [Vehcurity] error: Some error shit logs
11-10-2018 17:32:43 [Vehcurity] debug: Some debug shit logs
11-10-2018 17:32:43 [Vehcurity] verbose: Some verbose shit logs
11-10-2018 17:32:43 [Vehcurity] silly: Some silly logs
