2018-10-12T10:10:30.240Z [Local] info: {"module":"api_guard_sessions.controller","message":"New Guard request data: [object Object]"}
2018-10-12T10:10:30.248Z [Local] info: {"module":"api_guard_sessions.controller","message":"Got commit key:  -LNlU7vOChBmKU3_2uOc"}
2018-10-12T10:10:30.249Z [Local] info: {"module":"api_guard_sessions.controller","message":"Got new guard session data: [object Object]"}
2018-10-12T10:10:30.839Z [Local] info: {"module":"api_guard_sessions.controller","message":"Created new session key  -LObkO3rDQyD4ZL7KRv8"}
2018-10-12T10:10:30.848Z [Local] info: {"module":"api_guard_sessions.controller","message":"Activate guard sr78gARMM7WID5cXiXetxlpdFsf2"}
2018-10-12T10:10:30.853Z [Local] debug: {"module":"api_guard_sessions.controller","message":"Cron string: 18 0 2 10 *"}
2018-10-12T10:10:30.857Z [Local] info: {"module":"api_guard_sessions.controller","message":"Creating task in database INSERT INTO task_logs(fire_ID,created_by,message,ink) VALUES('-LObkO3rDQyD4ZL7KRv8','sr78gARMM7WID5cXiXetxlpdFsf2','New task created','sl-success')"}
2018-10-12T10:10:30.859Z [Local] warn: {"module":"api_guard_sessions.controller","message":"Tasks [object Object]"}
2018-10-12T10:10:30.957Z [Local] info: {"module":"api_guard_sessions.controller","message":"Created task record in database [object Object]"}
2018-10-12T10:10:30.992Z [Local] debug: {"module":"api_guard_sessions.controller","message":"Fetching task from database [object Object]"}
2018-10-12T10:10:33.586Z [Local] debug: {"module":"api_guard_sessions.controller","message":"Activated guard sr78gARMM7WID5cXiXetxlpdFsf2"}
2018-10-12T10:10:33.586Z [Local] debug: {"module":"api_guard_sessions.controller","message":"Retrieved guard device token: dmpnGtudsas:APA91bG6VD2e-cF6NoDY4eT0nQ4APDj5RavTPu3sklqkM1hPy3CHz7fIc20OR1_lIoUpjVvLqX6UlbWVRHr0IF6-nNRS-JAIvqWT5GdHs_mMDkpj95iMjHuFYlrZrASfvOCmBqTpHqX4\n                 and owner device token: eQ8iIgtiBXI:APA91bFtT6mvQv37Qh_IMXZZETVMoPtU3pUl9oS_5snL9xUhDKLkDTM_kdGJfTqK5S59yJ-vLwGcUfkt6vzaLN4RQxesLR33aJK1fIYjmBi1h6zHGnAyQhGcNxInwJkktX0e57VhHV0u"}
2018-10-12T10:10:33.587Z [Local] info: {"module":"api_guard_sessions.controller","message":"Starting guard counter [object Object]"}
2018-10-12T10:10:33.588Z [Local] info: {"module":"api_guard_sessions.controller","message":"Starting owner counter [object Object]"}
2018-10-12T10:10:33.589Z [Local] info: {"module":"api_guard_sessions.controller","message":"Guard device token dmpnGtudsas:APA91bG6VD2e-cF6NoDY4eT0nQ4APDj5RavTPu3sklqkM1hPy3CHz7fIc20OR1_lIoUpjVvLqX6UlbWVRHr0IF6-nNRS-JAIvqWT5GdHs_mMDkpj95iMjHuFYlrZrASfvOCmBqTpHqX4, Owner device token eQ8iIgtiBXI:APA91bFtT6mvQv37Qh_IMXZZETVMoPtU3pUl9oS_5snL9xUhDKLkDTM_kdGJfTqK5S59yJ-vLwGcUfkt6vzaLN4RQxesLR33aJK1fIYjmBi1h6zHGnAyQhGcNxInwJkktX0e57VhHV0u"}
2018-10-12T10:10:33.893Z [Local] info: {"module":"api_guard_sessions.controller","message":"none New Guard\n                            Starting a guard session of 0 hrs and 3 mins"}
2018-10-12T10:10:34.048Z [Local] info: {"module":"api_guard_sessions.controller","message":"Creating session notification [object Object]"}
2018-10-12T10:10:34.048Z [Local] debug: {"module":"api_guard_sessions.controller","message":"New notification key: -LObkOoZWDbSmgpVy91l"}
2018-10-12T10:10:34.049Z [Local] info: {"module":"api_guard_sessions.controller","message":"none New Guard\n                            Started a guard session of 0 hrs and 3 mins"}
2018-10-12T10:10:34.292Z [Local] info: {"module":"api_guard_sessions.controller","message":"Sent start guard counter message projects/vecurityapp/messages/0:1539339034165274%a6d5d30ca6d5d30c"}
2018-10-12T10:10:34.293Z [Local] info: {"module":"api_guard_sessions.controller","message":"Sent start owner counter message projects/vecurityapp/messages/0:1539339034174265%3790c74d3790c74d"}
2018-10-12T10:12:57.774Z [Local] info: {"module":"api_guard_sessions.controller","message":"New Guard request data: [object Object]"}
2018-10-12T10:12:57.778Z [Local] info: {"module":"api_guard_sessions.controller","message":"Got commit key:  -LNlU7vOChBmKU3_2uOc"}
2018-10-12T10:12:57.779Z [Local] info: {"module":"api_guard_sessions.controller","message":"Got new guard session data: [object Object]"}
2018-10-12T10:12:57.911Z [Local] info: {"module":"api_guard_sessions.controller","message":"Created new session key  -LObkwyrjG5ztPLudX8s"}
2018-10-12T10:12:57.920Z [Local] info: {"module":"api_guard_sessions.controller","message":"Activate guard sr78gARMM7WID5cXiXetxlpdFsf2"}
2018-10-12T10:12:57.926Z [Local] debug: {"module":"api_guard_sessions.controller","message":"Cron string: 18 0 2 10 *"}
2018-10-12T10:12:57.929Z [Local] info: {"module":"api_guard_sessions.controller","message":"Creating task in database INSERT INTO task_logs(fire_ID,created_by,message,ink) VALUES('-LObkwyrjG5ztPLudX8s','sr78gARMM7WID5cXiXetxlpdFsf2','New task created','')"}
2018-10-12T10:12:57.931Z [Local] warn: {"module":"api_guard_sessions.controller","message":"Tasks [object Object]"}
2018-10-12T10:12:58.111Z [Local] info: {"module":"api_guard_sessions.controller","message":"Created task record in database [object Object]"}
2018-10-12T10:12:58.141Z [Local] debug: {"module":"api_guard_sessions.controller","message":"Fetching task from database [object Object]"}
2018-10-12T10:13:00.462Z [Local] debug: {"module":"api_guard_sessions.controller","message":"Activated guard sr78gARMM7WID5cXiXetxlpdFsf2"}
2018-10-12T10:13:00.465Z [Local] debug: {"module":"api_guard_sessions.controller","message":"Retrieved guard device token: dmpnGtudsas:APA91bG6VD2e-cF6NoDY4eT0nQ4APDj5RavTPu3sklqkM1hPy3CHz7fIc20OR1_lIoUpjVvLqX6UlbWVRHr0IF6-nNRS-JAIvqWT5GdHs_mMDkpj95iMjHuFYlrZrASfvOCmBqTpHqX4 and owner device token: eQ8iIgtiBXI:APA91bFtT6mvQv37Qh_IMXZZETVMoPtU3pUl9oS_5snL9xUhDKLkDTM_kdGJfTqK5S59yJ-vLwGcUfkt6vzaLN4RQxesLR33aJK1fIYjmBi1h6zHGnAyQhGcNxInwJkktX0e57VhHV0u"}
2018-10-12T10:13:00.465Z [Local] info: {"module":"api_guard_sessions.controller","message":"Starting guard counter [object Object]"}
2018-10-12T10:13:00.467Z [Local] info: {"module":"api_guard_sessions.controller","message":"Starting owner counter [object Object]"}
2018-10-12T10:13:00.468Z [Local] info: {"module":"api_guard_sessions.controller","message":"Guard device token dmpnGtudsas:APA91bG6VD2e-cF6NoDY4eT0nQ4APDj5RavTPu3sklqkM1hPy3CHz7fIc20OR1_lIoUpjVvLqX6UlbWVRHr0IF6-nNRS-JAIvqWT5GdHs_mMDkpj95iMjHuFYlrZrASfvOCmBqTpHqX4, Owner device token eQ8iIgtiBXI:APA91bFtT6mvQv37Qh_IMXZZETVMoPtU3pUl9oS_5snL9xUhDKLkDTM_kdGJfTqK5S59yJ-vLwGcUfkt6vzaLN4RQxesLR33aJK1fIYjmBi1h6zHGnAyQhGcNxInwJkktX0e57VhHV0u"}
2018-10-12T10:13:00.774Z [Local] info: {"module":"api_guard_sessions.controller","message":"none New Guard\n                            Starting a guard session of 0 hrs and 3 mins"}
2018-10-12T10:13:00.784Z [Local] info: {"module":"api_guard_sessions.controller","message":"Creating session notification [object Object]"}
2018-10-12T10:13:00.787Z [Local] debug: {"module":"api_guard_sessions.controller","message":"New notification key: -LObkxdIZoLc3jGmVZ9E"}
2018-10-12T10:13:00.788Z [Local] info: {"module":"api_guard_sessions.controller","message":"none New Guard Started a guard session of 0 hrs and 3 mins"}
2018-10-12T10:13:01.062Z [Local] info: {"module":"api_guard_sessions.controller","message":"Sent start owner counter message projects/vecurityapp/messages/0:1539339180948502%3790c74d3790c74d"}
2018-10-12T10:13:01.081Z [Local] info: {"module":"api_guard_sessions.controller","message":"Sent start guard counter message projects/vecurityapp/messages/0:1539339180964798%a6d5d30ca6d5d30c"}
2018-10-12T10:17:43.111Z [Local] info: {"module":"api_guard_sessions.controller","message":"New Guard request data: [object Object]"}
2018-10-12T10:17:43.116Z [Local] info: {"module":"api_guard_sessions.controller","message":"Got commit key:  -LNlU7vOChBmKU3_2uOc"}
2018-10-12T10:17:43.117Z [Local] info: {"module":"api_guard_sessions.controller","message":"Got new guard session data: [object Object]"}
2018-10-12T10:17:43.252Z [Local] info: {"module":"api_guard_sessions.controller","message":"Created new session key  -LObm1dJF6fdq9ncB0-J"}
2018-10-12T10:17:43.260Z [Local] info: {"module":"api_guard_sessions.controller","message":"Activate guard sr78gARMM7WID5cXiXetxlpdFsf2"}
2018-10-12T10:17:43.264Z [Local] debug: {"module":"api_guard_sessions.controller","message":"Cron string: 18 0 2 10 *"}
2018-10-12T10:17:43.268Z [Local] info: {"module":"api_guard_sessions.controller","message":"Creating task in database INSERT INTO task_logs(fire_ID,created_by,message,ink) VALUES('-LObm1dJF6fdq9ncB0-J','sr78gARMM7WID5cXiXetxlpdFsf2','New task created','sl-danger')"}
2018-10-12T10:17:43.270Z [Local] warn: {"module":"api_guard_sessions.controller","message":"Tasks [object Object]"}
2018-10-12T10:17:43.506Z [Local] info: {"module":"api_guard_sessions.controller","message":"Created task record in database [object Object]"}
2018-10-12T10:17:43.542Z [Local] debug: {"module":"api_guard_sessions.controller","message":"Fetching task from database [object Object]"}
2018-10-12T10:17:45.773Z [Local] debug: {"module":"api_guard_sessions.controller","message":"Activated guard sr78gARMM7WID5cXiXetxlpdFsf2"}
2018-10-12T10:17:45.777Z [Local] debug: {"module":"api_guard_sessions.controller","message":"Retrieved guard device token: dmpnGtudsas:APA91bG6VD2e-cF6NoDY4eT0nQ4APDj5RavTPu3sklqkM1hPy3CHz7fIc20OR1_lIoUpjVvLqX6UlbWVRHr0IF6-nNRS-JAIvqWT5GdHs_mMDkpj95iMjHuFYlrZrASfvOCmBqTpHqX4 and owner device token: eQ8iIgtiBXI:APA91bFtT6mvQv37Qh_IMXZZETVMoPtU3pUl9oS_5snL9xUhDKLkDTM_kdGJfTqK5S59yJ-vLwGcUfkt6vzaLN4RQxesLR33aJK1fIYjmBi1h6zHGnAyQhGcNxInwJkktX0e57VhHV0u"}
2018-10-12T10:17:45.778Z [Local] info: {"module":"api_guard_sessions.controller","message":"Starting guard counter {\"notification\":{\"title\":\"starting\",\"body\":\"{\\\"duration\\\":\\\"3\\\",\\\"message\\\":\\\"guard session started\\\"}\"},\"token\":\"dmpnGtudsas:APA91bG6VD2e-cF6NoDY4eT0nQ4APDj5RavTPu3sklqkM1hPy3CHz7fIc20OR1_lIoUpjVvLqX6UlbWVRHr0IF6-nNRS-JAIvqWT5GdHs_mMDkpj95iMjHuFYlrZrASfvOCmBqTpHqX4\"}"}
2018-10-12T10:17:45.780Z [Local] info: {"module":"api_guard_sessions.controller","message":"Starting owner counter [object Object]"}
2018-10-12T10:17:45.781Z [Local] info: {"module":"api_guard_sessions.controller","message":"Guard device token dmpnGtudsas:APA91bG6VD2e-cF6NoDY4eT0nQ4APDj5RavTPu3sklqkM1hPy3CHz7fIc20OR1_lIoUpjVvLqX6UlbWVRHr0IF6-nNRS-JAIvqWT5GdHs_mMDkpj95iMjHuFYlrZrASfvOCmBqTpHqX4, Owner device token eQ8iIgtiBXI:APA91bFtT6mvQv37Qh_IMXZZETVMoPtU3pUl9oS_5snL9xUhDKLkDTM_kdGJfTqK5S59yJ-vLwGcUfkt6vzaLN4RQxesLR33aJK1fIYjmBi1h6zHGnAyQhGcNxInwJkktX0e57VhHV0u"}
2018-10-12T10:17:46.088Z [Local] info: {"module":"api_guard_sessions.controller","message":"none New Guard\n                            Starting a guard session of 0 hrs and 3 mins"}
2018-10-12T10:17:46.106Z [Local] info: {"module":"api_guard_sessions.controller","message":"Creating session notification {\"image\":\"none\",\"message\":\"New Guard Started a guard session of 0 hrs and 3 mins\",\"status\":\"0\",\"createdAt\":\"10/12/2018, 1:17:46 PM\"}"}
2018-10-12T10:17:46.106Z [Local] debug: {"module":"api_guard_sessions.controller","message":"New notification key: -LObm2IT_0B-lDzUzp8R"}
2018-10-12T10:17:46.108Z [Local] info: {"module":"api_guard_sessions.controller","message":"none New Guard Started a guard session of 0 hrs and 3 mins"}
2018-10-12T10:17:46.390Z [Local] info: {"module":"api_guard_sessions.controller","message":"Sent start guard counter message projects/vecurityapp/messages/0:1539339466268386%a6d5d30ca6d5d30c"}
2018-10-12T10:17:46.392Z [Local] info: {"module":"api_guard_sessions.controller","message":"Sent start owner counter message projects/vecurityapp/messages/0:1539339466267463%3790c74d3790c74d"}
2018-10-12T10:18:39.672Z [Local] info: {"module":"api_guard_sessions.controller","message":"New Guard request data: [object Object]"}
2018-10-12T10:18:39.678Z [Local] info: {"module":"api_guard_sessions.controller","message":"Got commit key:  -LNlU7vOChBmKU3_2uOc"}
2018-10-12T10:18:39.679Z [Local] info: {"module":"api_guard_sessions.controller","message":"Got new guard session data: [object Object]"}
2018-10-12T10:18:39.907Z [Local] info: {"module":"api_guard_sessions.controller","message":"Created new session key  -LObmFTYhb4Pu3g9ZfQi"}
2018-10-12T10:18:39.920Z [Local] info: {"module":"api_guard_sessions.controller","message":"Activate guard sr78gARMM7WID5cXiXetxlpdFsf2"}
2018-10-12T10:18:39.927Z [Local] debug: {"module":"api_guard_sessions.controller","message":"Cron string: 18 0 2 10 *"}
2018-10-12T10:18:39.933Z [Local] info: {"module":"api_guard_sessions.controller","message":"Creating task in database INSERT INTO task_logs(fire_ID,created_by,message,ink) VALUES('-LObmFTYhb4Pu3g9ZfQi','sr78gARMM7WID5cXiXetxlpdFsf2','New task created','sl-warning')"}
2018-10-12T10:18:39.935Z [Local] warn: {"module":"api_guard_sessions.controller","message":"Tasks [object Object]"}
2018-10-12T10:18:40.158Z [Local] info: {"module":"api_guard_sessions.controller","message":"Created task record in database [object Object]"}
2018-10-12T10:18:40.203Z [Local] debug: {"module":"api_guard_sessions.controller","message":"Fetching task from database [object Object]"}
2018-10-12T10:18:42.565Z [Local] debug: {"module":"api_guard_sessions.controller","message":"Activated guard sr78gARMM7WID5cXiXetxlpdFsf2"}
2018-10-12T10:18:42.568Z [Local] debug: {"module":"api_guard_sessions.controller","message":"Retrieved guard device token: dmpnGtudsas:APA91bG6VD2e-cF6NoDY4eT0nQ4APDj5RavTPu3sklqkM1hPy3CHz7fIc20OR1_lIoUpjVvLqX6UlbWVRHr0IF6-nNRS-JAIvqWT5GdHs_mMDkpj95iMjHuFYlrZrASfvOCmBqTpHqX4 and owner device token: eQ8iIgtiBXI:APA91bFtT6mvQv37Qh_IMXZZETVMoPtU3pUl9oS_5snL9xUhDKLkDTM_kdGJfTqK5S59yJ-vLwGcUfkt6vzaLN4RQxesLR33aJK1fIYjmBi1h6zHGnAyQhGcNxInwJkktX0e57VhHV0u"}
2018-10-12T10:18:42.569Z [Local] info: {"module":"api_guard_sessions.controller","message":"Starting guard counter {\"notification\":{\"title\":\"starting\",\"body\":\"{\\\"duration\\\":\\\"3\\\",\\\"message\\\":\\\"guard session started\\\"}\"},\"token\":\"dmpnGtudsas:APA91bG6VD2e-cF6NoDY4eT0nQ4APDj5RavTPu3sklqkM1hPy3CHz7fIc20OR1_lIoUpjVvLqX6UlbWVRHr0IF6-nNRS-JAIvqWT5GdHs_mMDkpj95iMjHuFYlrZrASfvOCmBqTpHqX4\"}"}
2018-10-12T10:18:42.570Z [Local] info: {"module":"api_guard_sessions.controller","message":"Starting owner counter {\"notification\":{\"title\":\"starting\",\"body\":\"{\\\"duration\\\":\\\"3\\\",\\\"guardId\\\":\\\"sr78gARMM7WID5cXiXetxlpdFsf2\\\",\\\"totalCost\\\":\\\"60.0\\\",\\\"message\\\":\\\"guard session started\\\"}\"},\"token\":\"eQ8iIgtiBXI:APA91bFtT6mvQv37Qh_IMXZZETVMoPtU3pUl9oS_5snL9xUhDKLkDTM_kdGJfTqK5S59yJ-vLwGcUfkt6vzaLN4RQxesLR33aJK1fIYjmBi1h6zHGnAyQhGcNxInwJkktX0e57VhHV0u\"}"}
2018-10-12T10:18:42.571Z [Local] info: {"module":"api_guard_sessions.controller","message":"Guard device token dmpnGtudsas:APA91bG6VD2e-cF6NoDY4eT0nQ4APDj5RavTPu3sklqkM1hPy3CHz7fIc20OR1_lIoUpjVvLqX6UlbWVRHr0IF6-nNRS-JAIvqWT5GdHs_mMDkpj95iMjHuFYlrZrASfvOCmBqTpHqX4, Owner device token eQ8iIgtiBXI:APA91bFtT6mvQv37Qh_IMXZZETVMoPtU3pUl9oS_5snL9xUhDKLkDTM_kdGJfTqK5S59yJ-vLwGcUfkt6vzaLN4RQxesLR33aJK1fIYjmBi1h6zHGnAyQhGcNxInwJkktX0e57VhHV0u"}
2018-10-12T10:18:42.853Z [Local] info: {"module":"api_guard_sessions.controller","message":"none New Guard\n                            Starting a guard session of 0 hrs and 3 mins"}
2018-10-12T10:18:42.868Z [Local] info: {"module":"api_guard_sessions.controller","message":"Creating session notification {\"image\":\"none\",\"message\":\"New Guard Started a guard session of 0 hrs and 3 mins\",\"status\":\"0\",\"createdAt\":\"10/12/2018, 1:18:42 PM\"}"}
2018-10-12T10:18:42.868Z [Local] debug: {"module":"api_guard_sessions.controller","message":"New notification key: -LObmG9HpevgBRx0kCIq"}
2018-10-12T10:18:42.870Z [Local] info: {"module":"api_guard_sessions.controller","message":"none New Guard Started a guard session of 0 hrs and 3 mins"}
2018-10-12T10:18:43.182Z [Local] info: {"module":"api_guard_sessions.controller","message":"Sent start guard counter message projects/vecurityapp/messages/0:1539339523070657%a6d5d30ca6d5d30c"}
2018-10-12T10:18:43.186Z [Local] info: {"module":"api_guard_sessions.controller","message":"Sent start owner counter message projects/vecurityapp/messages/0:1539339523073578%3790c74d3790c74d"}
2018-10-12T10:20:08.193Z [Local] info: {"module":"api_guard_sessions.controller","message":"New Guard request data: [object Object]"}
2018-10-12T10:20:08.197Z [Local] info: {"module":"api_guard_sessions.controller","message":"Got commit key:  -LNlU7vOChBmKU3_2uOc"}
2018-10-12T10:20:08.198Z [Local] info: {"module":"api_guard_sessions.controller","message":"Got new guard session data: {\"guard\":\"sr78gARMM7WID5cXiXetxlpdFsf2\",\"owner\":\"7n33K9xNDPflJK9edm1nZifj1G63\",\"duration\":\"3\",\"start_time\":\"Tue Oct 02 00:15:44 GMT 03:00 2018\",\"end_time\":\"Tue Oct 02 00:18:44 GMT 03:00 2018\",\"totalCost\":\"60.0\",\"status\":\"0\",\"requestCommitKey\":\"-LNlU7vOChBmKU3_2uOc\"}"}
2018-10-12T10:20:08.348Z [Local] info: {"module":"api_guard_sessions.controller","message":"Created new session key  -LObma3QwrxhbznTZbHQ"}
2018-10-12T10:20:08.370Z [Local] info: {"module":"api_guard_sessions.controller","message":"Activate guard sr78gARMM7WID5cXiXetxlpdFsf2"}
2018-10-12T10:20:08.386Z [Local] debug: {"module":"api_guard_sessions.controller","message":"Cron string: 18 0 2 10 *"}
2018-10-12T10:20:08.397Z [Local] info: {"module":"api_guard_sessions.controller","message":"Creating task in database INSERT INTO task_logs(fire_ID,created_by,message,ink) VALUES('-LObma3QwrxhbznTZbHQ','sr78gARMM7WID5cXiXetxlpdFsf2','New task created','sl-warning')"}
2018-10-12T10:20:08.402Z [Local] warn: {"module":"api_guard_sessions.controller","message":"Tasks [object Object]"}
2018-10-12T10:20:08.688Z [Local] info: {"module":"api_guard_sessions.controller","message":"Created task record in database [object Object]"}
2018-10-12T10:20:08.723Z [Local] debug: {"module":"api_guard_sessions.controller","message":"Fetching task from database [object Object]"}
2018-10-12T10:20:10.852Z [Local] debug: {"module":"api_guard_sessions.controller","message":"Activated guard sr78gARMM7WID5cXiXetxlpdFsf2"}
2018-10-12T10:20:10.857Z [Local] debug: {"module":"api_guard_sessions.controller","message":"Retrieved guard device token: dmpnGtudsas:APA91bG6VD2e-cF6NoDY4eT0nQ4APDj5RavTPu3sklqkM1hPy3CHz7fIc20OR1_lIoUpjVvLqX6UlbWVRHr0IF6-nNRS-JAIvqWT5GdHs_mMDkpj95iMjHuFYlrZrASfvOCmBqTpHqX4 and owner device token: eQ8iIgtiBXI:APA91bFtT6mvQv37Qh_IMXZZETVMoPtU3pUl9oS_5snL9xUhDKLkDTM_kdGJfTqK5S59yJ-vLwGcUfkt6vzaLN4RQxesLR33aJK1fIYjmBi1h6zHGnAyQhGcNxInwJkktX0e57VhHV0u"}
2018-10-12T10:20:10.858Z [Local] info: {"module":"api_guard_sessions.controller","message":"Starting guard counter {\"notification\":{\"title\":\"starting\",\"body\":\"{\\\"duration\\\":\\\"3\\\",\\\"message\\\":\\\"guard session started\\\"}\"},\"token\":\"dmpnGtudsas:APA91bG6VD2e-cF6NoDY4eT0nQ4APDj5RavTPu3sklqkM1hPy3CHz7fIc20OR1_lIoUpjVvLqX6UlbWVRHr0IF6-nNRS-JAIvqWT5GdHs_mMDkpj95iMjHuFYlrZrASfvOCmBqTpHqX4\"}"}
2018-10-12T10:20:10.860Z [Local] info: {"module":"api_guard_sessions.controller","message":"Starting owner counter {\"notification\":{\"title\":\"starting\",\"body\":\"{\\\"duration\\\":\\\"3\\\",\\\"guardId\\\":\\\"sr78gARMM7WID5cXiXetxlpdFsf2\\\",\\\"totalCost\\\":\\\"60.0\\\",\\\"message\\\":\\\"guard session started\\\"}\"},\"token\":\"eQ8iIgtiBXI:APA91bFtT6mvQv37Qh_IMXZZETVMoPtU3pUl9oS_5snL9xUhDKLkDTM_kdGJfTqK5S59yJ-vLwGcUfkt6vzaLN4RQxesLR33aJK1fIYjmBi1h6zHGnAyQhGcNxInwJkktX0e57VhHV0u\"}"}
2018-10-12T10:20:10.861Z [Local] info: {"module":"api_guard_sessions.controller","message":"Guard device token dmpnGtudsas:APA91bG6VD2e-cF6NoDY4eT0nQ4APDj5RavTPu3sklqkM1hPy3CHz7fIc20OR1_lIoUpjVvLqX6UlbWVRHr0IF6-nNRS-JAIvqWT5GdHs_mMDkpj95iMjHuFYlrZrASfvOCmBqTpHqX4, Owner device token eQ8iIgtiBXI:APA91bFtT6mvQv37Qh_IMXZZETVMoPtU3pUl9oS_5snL9xUhDKLkDTM_kdGJfTqK5S59yJ-vLwGcUfkt6vzaLN4RQxesLR33aJK1fIYjmBi1h6zHGnAyQhGcNxInwJkktX0e57VhHV0u"}
2018-10-12T10:20:11.171Z [Local] info: {"module":"api_guard_sessions.controller","message":"none New Guard\n                            Starting a guard session of 0 hrs and 3 mins"}
2018-10-12T10:20:11.181Z [Local] info: {"module":"api_guard_sessions.controller","message":"Creating session notification {\"image\":\"none\",\"message\":\"New Guard Started a guard session of 0 hrs and 3 mins\",\"status\":\"0\",\"createdAt\":\"10/12/2018, 1:20:11 PM\"}"}
2018-10-12T10:20:11.181Z [Local] debug: {"module":"api_guard_sessions.controller","message":"New notification key: -LObmaiIu6WqW1RtaOxv"}
2018-10-12T10:20:11.182Z [Local] info: {"module":"api_guard_sessions.controller","message":"none New Guard Started a guard session of 0 hrs and 3 mins"}
2018-10-12T10:20:11.425Z [Local] info: {"module":"api_guard_sessions.controller","message":"Sent start guard counter message projects/vecurityapp/messages/0:1539339611320104%a6d5d30ca6d5d30c"}
2018-10-12T10:20:11.432Z [Local] info: {"module":"api_guard_sessions.controller","message":"Sent start owner counter message projects/vecurityapp/messages/0:1539339611320851%3790c74d3790c74d"}
2018-10-12T10:21:24.421Z [Local] info: {"module":"api_guard_sessions.controller","message":"New Guard request data: [object Object]"}
2018-10-12T10:21:24.427Z [Local] info: {"module":"api_guard_sessions.controller","message":"Got commit key:  -LNlU7vOChBmKU3_2uOc"}
2018-10-12T10:21:24.428Z [Local] info: {"module":"api_guard_sessions.controller","message":"Got new guard session data: {\"guard\":\"sr78gARMM7WID5cXiXetxlpdFsf2\",\"owner\":\"7n33K9xNDPflJK9edm1nZifj1G63\",\"duration\":\"3\",\"start_time\":\"Tue Oct 02 00:15:44 GMT 03:00 2018\",\"end_time\":\"Tue Oct 02 00:18:44 GMT 03:00 2018\",\"totalCost\":\"60.0\",\"status\":\"0\",\"requestCommitKey\":\"-LNlU7vOChBmKU3_2uOc\"}"}
2018-10-12T10:21:24.591Z [Local] info: {"module":"api_guard_sessions.controller","message":"Created new session key  -LObmsfid4-_BaVfFE47"}
2018-10-12T10:21:24.600Z [Local] info: {"module":"api_guard_sessions.controller","message":"Activate guard sr78gARMM7WID5cXiXetxlpdFsf2"}
2018-10-12T10:21:24.606Z [Local] debug: {"module":"api_guard_sessions.controller","message":"Cron string: 18 0 2 10 *"}
2018-10-12T10:21:24.611Z [Local] info: {"module":"api_guard_sessions.controller","message":"Creating task in database INSERT INTO task_logs(fire_ID,created_by,message,ink) VALUES('-LObmsfid4-_BaVfFE47','sr78gARMM7WID5cXiXetxlpdFsf2','New task created','sl-danger')"}
2018-10-12T10:21:24.612Z [Local] warn: {"module":"api_guard_sessions.controller","message":"Tasks [object Object]"}
2018-10-12T10:21:24.707Z [Local] info: {"module":"api_guard_sessions.controller","message":"Created task record in database {\"fieldCount\":0,\"affectedRows\":1,\"insertId\":154,\"serverStatus\":2,\"warningCount\":0,\"message\":\"\",\"protocol41\":true,\"changedRows\":0}"}
2018-10-12T10:21:24.739Z [Local] debug: {"module":"api_guard_sessions.controller","message":"Fetching task from database {\"id\":154,\"fire_ID\":\"-LObmsfid4-_BaVfFE47\",\"created_at\":\"2018-10-12T10:21:24.000Z\",\"created_by\":\"sr78gARMM7WID5cXiXetxlpdFsf2\",\"message\":\"New task created\",\"status\":0,\"ink\":\"sl-danger\"}"}
2018-10-12T10:21:27.064Z [Local] debug: {"module":"api_guard_sessions.controller","message":"Activated guard sr78gARMM7WID5cXiXetxlpdFsf2"}
2018-10-12T10:21:27.066Z [Local] debug: {"module":"api_guard_sessions.controller","message":"Retrieved guard device token: dmpnGtudsas:APA91bG6VD2e-cF6NoDY4eT0nQ4APDj5RavTPu3sklqkM1hPy3CHz7fIc20OR1_lIoUpjVvLqX6UlbWVRHr0IF6-nNRS-JAIvqWT5GdHs_mMDkpj95iMjHuFYlrZrASfvOCmBqTpHqX4 and owner device token: eQ8iIgtiBXI:APA91bFtT6mvQv37Qh_IMXZZETVMoPtU3pUl9oS_5snL9xUhDKLkDTM_kdGJfTqK5S59yJ-vLwGcUfkt6vzaLN4RQxesLR33aJK1fIYjmBi1h6zHGnAyQhGcNxInwJkktX0e57VhHV0u"}
2018-10-12T10:21:27.066Z [Local] info: {"module":"api_guard_sessions.controller","message":"Starting guard counter {\"notification\":{\"title\":\"starting\",\"body\":\"{\\\"duration\\\":\\\"3\\\",\\\"message\\\":\\\"guard session started\\\"}\"},\"token\":\"dmpnGtudsas:APA91bG6VD2e-cF6NoDY4eT0nQ4APDj5RavTPu3sklqkM1hPy3CHz7fIc20OR1_lIoUpjVvLqX6UlbWVRHr0IF6-nNRS-JAIvqWT5GdHs_mMDkpj95iMjHuFYlrZrASfvOCmBqTpHqX4\"}"}
2018-10-12T10:21:27.070Z [Local] info: {"module":"api_guard_sessions.controller","message":"Starting owner counter {\"notification\":{\"title\":\"starting\",\"body\":\"{\\\"duration\\\":\\\"3\\\",\\\"guardId\\\":\\\"sr78gARMM7WID5cXiXetxlpdFsf2\\\",\\\"totalCost\\\":\\\"60.0\\\",\\\"message\\\":\\\"guard session started\\\"}\"},\"token\":\"eQ8iIgtiBXI:APA91bFtT6mvQv37Qh_IMXZZETVMoPtU3pUl9oS_5snL9xUhDKLkDTM_kdGJfTqK5S59yJ-vLwGcUfkt6vzaLN4RQxesLR33aJK1fIYjmBi1h6zHGnAyQhGcNxInwJkktX0e57VhHV0u\"}"}
2018-10-12T10:21:27.071Z [Local] info: {"module":"api_guard_sessions.controller","message":"Guard device token dmpnGtudsas:APA91bG6VD2e-cF6NoDY4eT0nQ4APDj5RavTPu3sklqkM1hPy3CHz7fIc20OR1_lIoUpjVvLqX6UlbWVRHr0IF6-nNRS-JAIvqWT5GdHs_mMDkpj95iMjHuFYlrZrASfvOCmBqTpHqX4, Owner device token eQ8iIgtiBXI:APA91bFtT6mvQv37Qh_IMXZZETVMoPtU3pUl9oS_5snL9xUhDKLkDTM_kdGJfTqK5S59yJ-vLwGcUfkt6vzaLN4RQxesLR33aJK1fIYjmBi1h6zHGnAyQhGcNxInwJkktX0e57VhHV0u"}
2018-10-12T10:21:27.363Z [Local] info: {"module":"api_guard_sessions.controller","message":"none New Guard\n                            Starting a guard session of 0 hrs and 3 mins"}
2018-10-12T10:21:27.373Z [Local] info: {"module":"api_guard_sessions.controller","message":"Creating session notification {\"image\":\"none\",\"message\":\"New Guard Started a guard session of 0 hrs and 3 mins\",\"status\":\"0\",\"createdAt\":\"10/12/2018, 1:21:27 PM\"}"}
2018-10-12T10:21:27.374Z [Local] debug: {"module":"api_guard_sessions.controller","message":"New notification key: -LObmtJjrmZD5dAbbciB"}
2018-10-12T10:21:27.375Z [Local] info: {"module":"api_guard_sessions.controller","message":"none New Guard Started a guard session of 0 hrs and 3 mins"}
2018-10-12T10:21:27.668Z [Local] info: {"module":"api_guard_sessions.controller","message":"Sent start guard counter message projects/vecurityapp/messages/0:1539339687560921%a6d5d30ca6d5d30c"}
2018-10-12T10:21:27.681Z [Local] info: {"module":"api_guard_sessions.controller","message":"Sent start owner counter message projects/vecurityapp/messages/0:1539339687560435%3790c74d3790c74d"}
2018-10-12T10:22:35.746Z [Local] info: {"module":"api_guard_sessions.controller","message":"New Guard request data: [object Object]"}
2018-10-12T10:22:35.749Z [Local] info: {"module":"api_guard_sessions.controller","message":"Got commit key:  -LNlU7vOChBmKU3_2uOc"}
2018-10-12T10:22:35.750Z [Local] info: {"module":"api_guard_sessions.controller","message":"Got new guard session data: {\"guard\":\"sr78gARMM7WID5cXiXetxlpdFsf2\",\"owner\":\"7n33K9xNDPflJK9edm1nZifj1G63\",\"duration\":\"3\",\"start_time\":\"Tue Oct 02 00:15:44 GMT 03:00 2018\",\"end_time\":\"Tue Oct 02 00:18:44 GMT 03:00 2018\",\"totalCost\":\"60.0\",\"status\":\"0\",\"requestCommitKey\":\"-LNlU7vOChBmKU3_2uOc\"}"}
2018-10-12T10:22:35.864Z [Local] info: {"module":"api_guard_sessions.controller","message":"Created new session key -LObn94N64GUXbPWG6gr"}
2018-10-12T10:22:35.871Z [Local] info: {"module":"api_guard_sessions.controller","message":"Activate guard sr78gARMM7WID5cXiXetxlpdFsf2"}
2018-10-12T10:22:35.875Z [Local] debug: {"module":"api_guard_sessions.controller","message":"Cron string: 18 0 2 10 *"}
2018-10-12T10:22:35.878Z [Local] info: {"module":"api_guard_sessions.controller","message":"Creating task in database INSERT INTO task_logs(fire_ID,created_by,message,ink) VALUES('-LObn94N64GUXbPWG6gr','sr78gARMM7WID5cXiXetxlpdFsf2','New task created','sl-success')"}
2018-10-12T10:22:35.880Z [Local] warn: {"module":"api_guard_sessions.controller","message":"Tasks [object Object]"}
2018-10-12T10:22:36.084Z [Local] info: {"module":"api_guard_sessions.controller","message":"Created task record in database {\"fieldCount\":0,\"affectedRows\":1,\"insertId\":155,\"serverStatus\":2,\"warningCount\":0,\"message\":\"\",\"protocol41\":true,\"changedRows\":0}"}
2018-10-12T10:22:36.184Z [Local] debug: {"module":"api_guard_sessions.controller","message":"Fetching task from database {\"id\":155,\"fire_ID\":\"-LObn94N64GUXbPWG6gr\",\"created_at\":\"2018-10-12T10:22:35.000Z\",\"created_by\":\"sr78gARMM7WID5cXiXetxlpdFsf2\",\"message\":\"New task created\",\"status\":0,\"ink\":\"sl-success\"}"}
2018-10-12T10:22:38.300Z [Local] debug: {"module":"api_guard_sessions.controller","message":"Activated guard sr78gARMM7WID5cXiXetxlpdFsf2"}
2018-10-12T10:22:38.303Z [Local] debug: {"module":"api_guard_sessions.controller","message":"Retrieved guard device token: dmpnGtudsas:APA91bG6VD2e-cF6NoDY4eT0nQ4APDj5RavTPu3sklqkM1hPy3CHz7fIc20OR1_lIoUpjVvLqX6UlbWVRHr0IF6-nNRS-JAIvqWT5GdHs_mMDkpj95iMjHuFYlrZrASfvOCmBqTpHqX4 and owner device token: eQ8iIgtiBXI:APA91bFtT6mvQv37Qh_IMXZZETVMoPtU3pUl9oS_5snL9xUhDKLkDTM_kdGJfTqK5S59yJ-vLwGcUfkt6vzaLN4RQxesLR33aJK1fIYjmBi1h6zHGnAyQhGcNxInwJkktX0e57VhHV0u"}
2018-10-12T10:22:38.304Z [Local] info: {"module":"api_guard_sessions.controller","message":"Starting guard counter {\"notification\":{\"title\":\"starting\",\"body\":\"{\\\"duration\\\":\\\"3\\\",\\\"message\\\":\\\"guard session started\\\"}\"},\"token\":\"dmpnGtudsas:APA91bG6VD2e-cF6NoDY4eT0nQ4APDj5RavTPu3sklqkM1hPy3CHz7fIc20OR1_lIoUpjVvLqX6UlbWVRHr0IF6-nNRS-JAIvqWT5GdHs_mMDkpj95iMjHuFYlrZrASfvOCmBqTpHqX4\"}"}
2018-10-12T10:22:38.305Z [Local] info: {"module":"api_guard_sessions.controller","message":"Starting owner counter {\"notification\":{\"title\":\"starting\",\"body\":\"{\\\"duration\\\":\\\"3\\\",\\\"guardId\\\":\\\"sr78gARMM7WID5cXiXetxlpdFsf2\\\",\\\"totalCost\\\":\\\"60.0\\\",\\\"message\\\":\\\"guard session started\\\"}\"},\"token\":\"eQ8iIgtiBXI:APA91bFtT6mvQv37Qh_IMXZZETVMoPtU3pUl9oS_5snL9xUhDKLkDTM_kdGJfTqK5S59yJ-vLwGcUfkt6vzaLN4RQxesLR33aJK1fIYjmBi1h6zHGnAyQhGcNxInwJkktX0e57VhHV0u\"}"}
2018-10-12T10:22:38.306Z [Local] info: {"module":"api_guard_sessions.controller","message":"Guard device token dmpnGtudsas:APA91bG6VD2e-cF6NoDY4eT0nQ4APDj5RavTPu3sklqkM1hPy3CHz7fIc20OR1_lIoUpjVvLqX6UlbWVRHr0IF6-nNRS-JAIvqWT5GdHs_mMDkpj95iMjHuFYlrZrASfvOCmBqTpHqX4, Owner device token eQ8iIgtiBXI:APA91bFtT6mvQv37Qh_IMXZZETVMoPtU3pUl9oS_5snL9xUhDKLkDTM_kdGJfTqK5S59yJ-vLwGcUfkt6vzaLN4RQxesLR33aJK1fIYjmBi1h6zHGnAyQhGcNxInwJkktX0e57VhHV0u"}
2018-10-12T10:22:38.603Z [Local] info: {"module":"api_guard_sessions.controller","message":"none New Guard Starting a guard session of 0 hrs and 3 mins"}
2018-10-12T10:22:38.615Z [Local] info: {"module":"api_guard_sessions.controller","message":"Creating session notification {\"image\":\"none\",\"message\":\"New Guard Started a guard session of 0 hrs and 3 mins\",\"status\":\"0\",\"createdAt\":\"10/12/2018, 1:22:38 PM\"}"}
2018-10-12T10:22:38.615Z [Local] debug: {"module":"api_guard_sessions.controller","message":"New notification key: -LObn9hpJRB-dK-U8y8Z"}
2018-10-12T10:22:38.616Z [Local] info: {"module":"api_guard_sessions.controller","message":"none New Guard Started a guard session of 0 hrs and 3 mins"}
2018-10-12T10:22:38.900Z [Local] info: {"module":"api_guard_sessions.controller","message":"Sent start owner counter message projects/vecurityapp/messages/0:1539339758785865%3790c74d3790c74d"}
2018-10-12T10:22:38.910Z [Local] info: {"module":"api_guard_sessions.controller","message":"Sent start guard counter message projects/vecurityapp/messages/0:1539339758783594%a6d5d30ca6d5d30c"}
